==============================================================================
V3 per-regime baryogenesis (corrected J_CP baseline + occupancy)
==============================================================================
  Baseline:  S_bounce=38.0,  J_CP_baseline=5.553e-10,  n_gen/g_star=0.0281
  Baseline product = 3.256e-10
  PDG-2024 eta_B,obs = 6.040e-10 +/- 1.2e-11

  reg     #s  theta_v  K_vtx   fid   occ T_lock       A_w  T2gain   Q_3b   eta_B,pred  ratio
--------------------------------------------------------------------------------------------
  P5N64    8   -0.262  1.580 0.468 0.234  0.592  -0.00016 +0.0389  1.039    5.332e-10  0.883
  P5N72    8   +0.058  1.840 0.435 0.204  0.550  -0.01031 +0.0374  1.037    6.148e-10  1.018
  P5N84    8   +0.479  1.686 0.394 0.171  0.498  +0.00219 +0.0367  1.037    5.697e-10  0.943
  P5N100   8   -0.157  1.705 0.355 0.141  0.447  -0.00594 +0.0387  1.039    5.733e-10  0.949
  P5N128   4   +0.125  1.657 0.326 0.118  0.406  -0.00219 +0.1271  1.127    6.074e-10  1.006
  P5N200   4   -0.640  1.538 0.255 0.074  0.310  +0.00094 +0.0732  1.073    5.373e-10  0.890

==============================================================================
Cross-regime synthesis
==============================================================================
  eta_B,pred mean      = 5.726e-10 +/- 3.111e-11
  Ratio to PDG obs     = 0.9481 +/- 0.0515
  log10(ratio) mean    = -0.0238
  K_vortex             = 1.668 +/- 0.097
  fidelity             = 0.372 +/- 0.070
  occupancy            = 0.157 +/- 0.053
  T_lock (obs side)    = 0.467 +/- 0.093
  A_w continuous       = -0.00258 +/- 0.00432
  T2 binding gain      = +0.0587 +/- 0.0332
  Cross-regime ratio CV = 0.0543

Saved C:\Users\user\Desktop\Emergence\emergent-gr-closure-repro\outputs\audit_baryogenesis_per_regime_v3.json
