==============================================================================
Per-regime baryogenesis audit (S1-S5) on P5N ladder
==============================================================================
  PDG-2024 eta_B,obs = 6.040e-10 +/- 1.2e-11

  reg     #s     lam   xi_0      S_b  theta_v  K_vtx       J_CP  eta_B,pred    ratio     A_w
--------------------------------------------------------------------------------------------
  P5N64    8 567936.08  0.010     0.96   -0.262  1.580 -1.876e-19   2.017e-20 3.34e-11  +0.000
  P5N72    8 619799.57  0.010     0.92   +0.058  1.840 -9.487e-20   1.447e-20 2.40e-11  +0.000
  P5N84    8 726357.15  0.010     0.84   +0.479  1.686 -1.830e-19   7.254e-21 1.20e-11  +0.000
  P5N100   8 869773.72  0.010     0.76   -0.157  1.705 -9.963e-20   7.867e-21 1.30e-11  +0.000
  P5N128   4 1000000.00  0.010     0.70   +0.125  1.657 -7.242e-20   4.812e-21 7.97e-12  +0.000
  P5N200   4 1000000.00  0.010     0.70   -0.640  1.538 -1.605e-19   7.531e-21 1.25e-11  +0.000

==============================================================================
Cross-regime synthesis
==============================================================================
  S_bounce mean      = 0.81 +/- 0.10  (GCC-05 P1: 38.0)
  theta_v mean       = -0.066 rad +/- 0.348  (GCC-05 P1: +1.608)
  K_vortex mean      = 1.668
  J_CP mean median   = -1.330e-19 (PDG CKM J_CP: +3.08e-5)
  eta_B,pred mean    = 1.035e-20
  Ratio to obs       = 1.71e-11 (stdev 8.75e-12)
  log10 ratio        = -10.82 +/- 0.21
  Triangle winding A = +0.0000 +/- 0.0000

Saved C:\Users\user\Desktop\Emergence\emergent-gr-closure-repro\outputs\audit_baryogenesis_per_regime.json
