================================================================================
Event-driven materialization audit (L1, L2, L3, L4)
================================================================================

--- P5N64 N=64 (n_seeds=24) ---
  L1 (mode-coincidence): mass_ratio_high/low = nan  (=1 means no signal)
  L2 (triangle+tail):  frac_with_tail=1.000  mass_ratio_with/without = nan
  L3 (vortex collisions): n3=1.3 n2=2.2 n_coll=0.00 mass=nan
  L4 (formation+spin): events=200 (+spin=98, -spin=102) mass(+)/mass(-) = 0.99953
  L5 (matter/antimatter): n_M/n_A = 2.9352 (binom 3.0; n_M=1490, n_A=510)  mass(M)/mass(A) = 0.99983
--- P5N72 N=72 (n_seeds=24) ---
  L1 (mode-coincidence): mass_ratio_high/low = nan  (=1 means no signal)
  L2 (triangle+tail):  frac_with_tail=1.000  mass_ratio_with/without = nan
  L3 (vortex collisions): n3=1.2 n2=2.0 n_coll=0.00 mass=nan
  L4 (formation+spin): events=199 (+spin=103, -spin=96) mass(+)/mass(-) = 1.00008
  L5 (matter/antimatter): n_M/n_A = 3.0870 (binom 3.0; n_M=1509, n_A=491)  mass(M)/mass(A) = 1.00022
--- P5N84 N=84 (n_seeds=24) ---
  L1 (mode-coincidence): mass_ratio_high/low = nan  (=1 means no signal)
  L2 (triangle+tail):  frac_with_tail=1.000  mass_ratio_with/without = nan
  L3 (vortex collisions): n3=1.2 n2=2.0 n_coll=0.08 mass=0.2328
  L4 (formation+spin): events=198 (+spin=96, -spin=103) mass(+)/mass(-) = 1.00016
  L5 (matter/antimatter): n_M/n_A = 2.9751 (binom 3.0; n_M=1496, n_A=504)  mass(M)/mass(A) = 1.00000
--- P5N100 N=100 (n_seeds=24) ---
  L1 (mode-coincidence): mass_ratio_high/low = nan  (=1 means no signal)
  L2 (triangle+tail):  frac_with_tail=1.000  mass_ratio_with/without = nan
  L3 (vortex collisions): n3=1.2 n2=2.6 n_coll=0.00 mass=nan
  L4 (formation+spin): events=196 (+spin=102, -spin=94) mass(+)/mass(-) = 0.99951
  L5 (matter/antimatter): n_M/n_A = 2.9573 (binom 3.0; n_M=1493, n_A=507)  mass(M)/mass(A) = 1.00006
--- P5N128 N=128 (n_seeds=12) ---
  L1 (mode-coincidence): mass_ratio_high/low = nan  (=1 means no signal)
  L2 (triangle+tail):  frac_with_tail=1.000  mass_ratio_with/without = nan
  L3 (vortex collisions): n3=1.7 n2=2.3 n_coll=0.08 mass=0.2174
  L4 (formation+spin): events=174 (+spin=88, -spin=86) mass(+)/mass(-) = 0.99969
  L5 (matter/antimatter): n_M/n_A = 3.1953 (binom 3.0; n_M=1522, n_A=478)  mass(M)/mass(A) = 0.99981
--- P5N200 N=200 (n_seeds=8) ---
  L1 (mode-coincidence): mass_ratio_high/low = nan  (=1 means no signal)
  L2 (triangle+tail):  frac_with_tail=1.000  mass_ratio_with/without = nan
  L3 (vortex collisions): n3=0.9 n2=2.6 n_coll=0.00 mass=nan
  L4 (formation+spin): events=174 (+spin=88, -spin=85) mass(+)/mass(-) = 1.00087
  L5 (matter/antimatter): n_M/n_A = 3.0014 (binom 3.0; n_M=1499, n_A=501)  mass(M)/mass(A) = 1.00013
--- P5N256 N=256 (n_seeds=2) ---
  L1 (mode-coincidence): mass_ratio_high/low = nan  (=1 means no signal)
  L2 (triangle+tail):  frac_with_tail=1.000  mass_ratio_with/without = nan
  L3 (vortex collisions): n3=1.5 n2=2.0 n_coll=0.00 mass=nan
  L4 (formation+spin): events=170 (+spin=81, -spin=88) mass(+)/mass(-) = 1.00082
  L5 (matter/antimatter): n_M/n_A = 2.9370 (binom 3.0; n_M=1492, n_A=508)  mass(M)/mass(A) = 1.00003
--- P5N300 N=300 (n_seeds=2) ---
  L1 (mode-coincidence): mass_ratio_high/low = nan  (=1 means no signal)
  L2 (triangle+tail):  frac_with_tail=1.000  mass_ratio_with/without = nan
  L3 (vortex collisions): n3=1.5 n2=1.5 n_coll=0.00 mass=nan
  L4 (formation+spin): events=188 (+spin=88, -spin=99) mass(+)/mass(-) = 1.00095
  L5 (matter/antimatter): n_M/n_A = 3.0090 (binom 3.0; n_M=1501, n_A=499)  mass(M)/mass(A) = 0.99957

================================================================================
Cross-regime synthesis (L1, L2, L3, L4)
================================================================================
  L2 frac_with_tail: 1.00000 +/- 0.00000
  L3 n_collisions per seed: 0.02083 +/- 0.03608
  L4 spin_outcome_ratio (=1: no signal): 1.00020 +/- 0.00057   (deviation from 1 = 0.35σ)
  L4 n_events per seed: 187.14583 +/- 12.16474
  L5 n_matter/n_antimatter (binom 3.0): 3.01215 +/- 0.08308
  L5 mass_M/mass_A (=1: no signal): 0.99996 +/- 0.00020

Saved C:\Users\user\Desktop\Emergence\emergent-gr-closure-repro\outputs\audit_event_driven_materialization.json
