================================================================================
Robustness test: c_info threshold factor variation
================================================================================
  Reference target: a_infty(2x) = -0.01569 +/- 0.005 = -pi*gamma^2/2


--- c_info = 1.5 x median |Delta Xi| ---
  regime    N n_s   asym_mean   asym_std        unc
  P5N64    64  24     +0.0251     0.0447     0.0091
  P5N72    72  24     +0.0002     0.0410     0.0084
  P5N84    84  24     +0.0064     0.0246     0.0050
  P5N100  100  24     -0.0009     0.0269     0.0055
  P5N128  128  12     +0.0015     0.0205     0.0059
  P5N200  200   8     -0.0091     0.0114     0.0040
  P5N256  256   2     -0.0072     0.0009     0.0006
  P5N300  300   2     -0.0022     0.0010     0.0007
  Asymptote a_infty = -0.00836 +/- 0.00145 (target -pi*gamma^2/2 = -0.01571, diff = +0.00735)
  b coef = +0.8652 +/- 0.3546, chi2/dof = 41.50/6

--- c_info = 2.0 x median |Delta Xi| ---
  regime    N n_s   asym_mean   asym_std        unc
  P5N64    64  24     +0.0251     0.0455     0.0093
  P5N72    72  24     +0.0012     0.0399     0.0081
  P5N84    84  24     +0.0066     0.0269     0.0055
  P5N100  100  24     +0.0027     0.0295     0.0060
  P5N128  128  12     -0.0001     0.0232     0.0067
  P5N200  200   8     -0.0076     0.0149     0.0053
  P5N256  256   2     -0.0055     0.0088     0.0063
  P5N300  300   2     -0.0098     0.0087     0.0061
  Asymptote a_infty = -0.01569 +/- 0.00509 (target -pi*gamma^2/2 = -0.01571, diff = +0.00002)
  b coef = +1.8910 +/- 0.5635, chi2/dof = 3.09/6

--- c_info = 2.5 x median |Delta Xi| ---
  regime    N n_s   asym_mean   asym_std        unc
  P5N64    64  24     +0.0246     0.0457     0.0093
  P5N72    72  24     +0.0010     0.0398     0.0081
  P5N84    84  24     +0.0046     0.0267     0.0055
  P5N100  100  24     +0.0025     0.0327     0.0067
  P5N128  128  12     +0.0006     0.0242     0.0070
  P5N200  200   8     -0.0103     0.0167     0.0059
  P5N256  256   2     -0.0086     0.0229     0.0162
  P5N300  300   2     -0.0116     0.0003     0.0002
  Asymptote a_infty = -0.01839 +/- 0.00126 (target -pi*gamma^2/2 = -0.01571, diff = -0.00269)
  b coef = +2.0424 +/- 0.3688, chi2/dof = 3.04/6

--- c_info = 3.0 x median |Delta Xi| ---
  regime    N n_s   asym_mean   asym_std        unc
  P5N64    64  24     +0.0246     0.0457     0.0093
  P5N72    72  24     +0.0013     0.0403     0.0082
  P5N84    84  24     +0.0027     0.0267     0.0055
  P5N100  100  24     +0.0021     0.0327     0.0067
  P5N128  128  12     +0.0018     0.0242     0.0070
  P5N200  200   8     -0.0154     0.0188     0.0066
  P5N256  256   2     -0.0134     0.0226     0.0160
  P5N300  300   2     -0.0094     0.0054     0.0038
  Asymptote a_infty = -0.01771 +/- 0.00465 (target -pi*gamma^2/2 = -0.01571, diff = -0.00200)
  b coef = +1.9286 +/- 0.5306, chi2/dof = 4.71/6

================================================================================
Robustness summary
================================================================================
  c_info_factor     a_infty      unc  diff_to_-pi*gamma^2/2
  1.50             -0.00836  0.00145               +0.00735
  2.00             -0.01569  0.00509               +0.00002
  2.50             -0.01839  0.00126               -0.00269
  3.00             -0.01771  0.00465               -0.00200

If asymptote stays around -0.01571 across all 4 thresholds,
the result is ROBUST against threshold definition.

Saved C:\Users\user\Desktop\Emergence\emergent-gr-closure-repro\outputs\audit_asym_robustness_threshold.json
