================================================================================
Per-seed asym(PPN-PNN) N-trend analysis
================================================================================
  regime    N n_s   asym_mean   asym_std   unc_mean  sigma_vs_0  per-seed values
----------------------------------------------------------------------------------------------------
  P5N64    64  24     +0.0251     0.0455     0.0093       +2.70  -0.014  +0.039  -0.001  -0.020  +0.006  +0.044  +0.090  +0.059  -0.016  +0.069  +0.093  -0.061  +0.041  +0.103  +0.052  +0.017  +0.008  +0.011  +0.083  +0.042  -0.002  +0.055  -0.053  -0.042
  P5N72    72  24     +0.0012     0.0399     0.0081       +0.14  -0.007  +0.023  +0.080  -0.003  +0.060  +0.003  +0.038  +0.027  -0.054  +0.009  +0.073  -0.011  -0.002  -0.057  -0.025  -0.028  -0.010  +0.033  -0.047  -0.065  +0.036  -0.053  -0.013  +0.022
  P5N84    84  24     +0.0066     0.0269     0.0055       +1.21  +0.029  +0.013  -0.000  +0.055  +0.010  +0.003  -0.002  -0.026  +0.033  -0.064  -0.016  -0.031  -0.003  +0.023  -0.011  +0.025  +0.033  -0.003  +0.046  +0.022  +0.022  +0.027  +0.003  -0.029
  P5N100  100  24     +0.0027     0.0295     0.0060       +0.45  -0.043  +0.038  +0.070  -0.046  +0.029  +0.003  +0.009  -0.029  -0.023  -0.008  -0.000  -0.033  +0.024  +0.012  -0.022  +0.021  +0.012  -0.021  +0.029  -0.040  +0.011  +0.024  +0.007  +0.042
  P5N128  128  12     -0.0001     0.0232     0.0067       -0.01  +0.019  -0.029  +0.003  +0.025  +0.022  -0.019  -0.002  -0.004  +0.029  +0.023  -0.043  -0.024
  P5N200  200   8     -0.0076     0.0149     0.0053       -1.44  -0.010  -0.043  +0.006  -0.010  -0.003  -0.006  +0.010  -0.005
  P5N256  256   2     -0.0055     0.0088     0.0063       -0.89  +0.003  -0.014
  P5N300  300   2     -0.0098     0.0087     0.0061       -1.59  -0.018  -0.001

================================================================================
N-trend analysis (weighted by 1/unc^2)
================================================================================
  Weighted fit asym = a + b/N:
    a (asymptote N->inf) = -0.01569 +/- 0.00509 (sigma vs 0: -3.08)
    b (1/N coefficient)  = +1.8910 +/- 0.5635
    chi2/dof = 3.09/6 = 0.51
  Weighted constant fit:
    asym_const = -0.00037 +/- 0.00225 (sigma vs 0: -0.16)
    chi2 = 14.35/7
  Delta chi2 (linear vs constant) = 11.26 on 1 d.o.f.
    => N-trend SIGNIFICANT at >2sigma

Saved C:\Users\user\Desktop\Emergence\emergent-gr-closure-repro\outputs\audit_asym_per_seed_n_trend.json
