================================================================================
Winding-fraction mechanism audit
================================================================================

--- P5N64 N=64 (n_seeds=24) ---
  Winding fractions: neg=0.2869+-0.0036, pos=0.7131, zero=0.0000
  Per-bin asym:
    neg: +0.1737+-0.0175  pos: -0.0132+-0.0101  zero: +nan
  asym_all measured = +0.02508+-0.00929
  asym_all predicted (model) = +0.04041
  diff (model - measured) = +0.01533
--- P5N72 N=72 (n_seeds=24) ---
  Winding fractions: neg=0.2811+-0.0032, pos=0.7189, zero=0.0000
  Per-bin asym:
    neg: +0.1364+-0.0152  pos: -0.0343+-0.0087  zero: +nan
  asym_all measured = +0.00115+-0.00814
  asym_all predicted (model) = +0.01370
  diff (model - measured) = +0.01255
--- P5N84 N=84 (n_seeds=24) ---
  Winding fractions: neg=0.2753+-0.0027, pos=0.7247, zero=0.0000
  Per-bin asym:
    neg: +0.1762+-0.0110  pos: -0.0367+-0.0068  zero: +nan
  asym_all measured = +0.00663+-0.00548
  asym_all predicted (model) = +0.02190
  diff (model - measured) = +0.01527
--- P5N100 N=100 (n_seeds=24) ---
  Winding fractions: neg=0.2853+-0.0027, pos=0.7147, zero=0.0000
  Per-bin asym:
    neg: +0.1297+-0.0113  pos: -0.0311+-0.0080  zero: +nan
  asym_all measured = +0.00272+-0.00601
  asym_all predicted (model) = +0.01476
  diff (model - measured) = +0.01203
--- P5N128 N=128 (n_seeds=12) ---
  Winding fractions: neg=0.2738+-0.0034, pos=0.7262, zero=0.0000
  Per-bin asym:
    neg: +0.1367+-0.0154  pos: -0.0344+-0.0095  zero: +nan
  asym_all measured = -0.00007+-0.00669
  asym_all predicted (model) = +0.01245
  diff (model - measured) = +0.01252
--- P5N200 N=200 (n_seeds=8) ---
  Winding fractions: neg=0.2785+-0.0027, pos=0.7215, zero=0.0000
  Per-bin asym:
    neg: +0.1494+-0.0158  pos: -0.0490+-0.0051  zero: +nan
  asym_all measured = -0.00756+-0.00526
  asym_all predicted (model) = +0.00624
  diff (model - measured) = +0.01380
--- P5N256 N=256 (n_seeds=2) ---
  Winding fractions: neg=0.2842+-0.0003, pos=0.7158, zero=0.0000
  Per-bin asym:
    neg: +0.1388+-0.0042  pos: -0.0438+-0.0092  zero: +nan
  asym_all measured = -0.00554+-0.00625
  asym_all predicted (model) = +0.00806
  diff (model - measured) = +0.01361
--- P5N300 N=300 (n_seeds=2) ---
  Winding fractions: neg=0.2855+-0.0049, pos=0.7145, zero=0.0000
  Per-bin asym:
    neg: +0.1698+-0.0051  pos: -0.0578+-0.0078  zero: +nan
  asym_all measured = -0.00975+-0.00612
  asym_all predicted (model) = +0.00718
  diff (model - measured) = +0.01693

================================================================================
Cross-regime synthesis + Symanzik fit on f_winding_neg
================================================================================
  asym_winding_neg cross-regime: +0.1513 +/- 0.0178  (if lattice-const should be near 0)
  asym_winding_pos cross-regime: -0.0375 +/- 0.0124

  Symanzik fit f_winding_neg = a + b/N:
    a (N->inf) = 0.28552 +/- 0.00081
    b coef     = -0.3741 +/- 0.1718
    chi2/dof   = 21.10/6
    Predicted asym_inf (two-bin model, asym_neg=0.1513, asym_pos=-0.0375):
      asym_inf = +0.01638
      target -pi/200 = -0.01571, diff = +0.03209

Saved C:\Users\user\Desktop\Emergence\emergent-gr-closure-repro\outputs\audit_winding_fraction_mechanism.json
