==============================================================================
V2 per-regime baryogenesis (snapshot multipliers x GCC-05 baseline)
==============================================================================
  Baseline:  S_bounce=38.0,  J_CP_CKM=3.080e-05,  n_gen/g_star=0.0281
  PDG-2024 eta_B,obs = 6.040e-10 +/- 1.2e-11

  reg     #s  theta_v  K_vtx    fid    occ  T_lock       A_w   T2gain   eta_B,pred   ratio
------------------------------------------------------------------------------------------
  P5N64    8   -0.262  1.580  0.468  4.830  3.0369  -0.00016  +0.0389    8.980e-05 148675.837
  P5N72    8   +0.058  1.840  0.435  4.758  3.1245  -0.01031  +0.0374    1.066e-04 176494.976
  P5N84    8   +0.479  1.686  0.394  4.671  3.2224  +0.00219  +0.0367    1.018e-04 168538.869
  P5N100   8   -0.157  1.705  0.355  4.620  3.3327  -0.00594  +0.0387    1.060e-04 175518.320
  P5N128   4   +0.125  1.657  0.326  4.958  3.6677  -0.00219  +0.1271    1.235e-04 204442.600
  P5N200   4   -0.640  1.538  0.255  4.897  3.9025  +0.00094  +0.0732    1.160e-04 191971.961

==============================================================================
Cross-regime synthesis
==============================================================================
  eta_B,pred mean      = 1.073e-04 +/- 1.061e-05
  Ratio to PDG obs     = 177607.094 +/- 17565.800
  log10(ratio) mean    = +5.247
  K_vortex             = 1.668 +/- 0.097
  T_lock (transduction)= 3.3811 +/- 0.3071
  A_w continuous       = -0.00258 +/- 0.00432
  T2 binding gain      = +0.0587 +/- 0.0332
  Cross-regime ratio CV = 0.099

Saved C:\Users\user\Desktop\Emergence\emergent-gr-closure-repro\outputs\audit_baryogenesis_per_regime_v2.json
